* Starting client
* Connecting to master process on port 16657
* Analyzing classpath: 
  - C:/Users/joeyj/Documents/Git/evosuiteTests/Projects/jsf_2_samples/out/production/basic-ajax
  - C:\Program Files\Java\jdk1.8.0_201\jre\lib\charsets.jar
  - C:\Program Files\Java\jdk1.8.0_201\jre\lib\deploy.jar
  - C:\Program Files\Java\jdk1.8.0_201\jre\lib\ext\access-bridge-64.jar
  - C:\Program Files\Java\jdk1.8.0_201\jre\lib\ext\cldrdata.jar
  - C:\Program Files\Java\jdk1.8.0_201\jre\lib\ext\dnsns.jar
  - C:\Program Files\Java\jdk1.8.0_201\jre\lib\ext\jaccess.jar
  - C:\Program Files\Java\jdk1.8.0_201\jre\lib\ext\jfxrt.jar
  - C:\Program Files\Java\jdk1.8.0_201\jre\lib\ext\localedata.jar
  - C:\Program Files\Java\jdk1.8.0_201\jre\lib\ext\nashorn.jar
  - C:\Program Files\Java\jdk1.8.0_201\jre\lib\ext\sunec.jar
  - C:\Program Files\Java\jdk1.8.0_201\jre\lib\ext\sunjce_provider.jar
  - C:\Program Files\Java\jdk1.8.0_201\jre\lib\ext\sunmscapi.jar
  - C:\Program Files\Java\jdk1.8.0_201\jre\lib\ext\sunpkcs11.jar
  - C:\Program Files\Java\jdk1.8.0_201\jre\lib\ext\zipfs.jar
  - C:\Program Files\Java\jdk1.8.0_201\jre\lib\javaws.jar
  - C:\Program Files\Java\jdk1.8.0_201\jre\lib\jce.jar
  - C:\Program Files\Java\jdk1.8.0_201\jre\lib\jfr.jar
  - C:\Program Files\Java\jdk1.8.0_201\jre\lib\jfxswt.jar
  - C:\Program Files\Java\jdk1.8.0_201\jre\lib\jsse.jar
  - C:\Program Files\Java\jdk1.8.0_201\jre\lib\management-agent.jar
  - C:\Program Files\Java\jdk1.8.0_201\jre\lib\plugin.jar
  - C:\Program Files\Java\jdk1.8.0_201\jre\lib\resources.jar
  - C:\Program Files\Java\jdk1.8.0_201\jre\lib\rt.jar
  - C:\Users\joeyj\Documents\Git\evosuiteTests\Projects\jsf_2_samples\out\production\basic-ajax
  - C:\Users\joeyj\Documents\Git\evosuiteTests\Projects\jsf_2_samples\lib\jsf-api.jar
  - C:\Users\joeyj\Documents\Git\evosuiteTests\Projects\jsf_2_samples\lib\javaee_6.jar
  - C:\Users\joeyj\Documents\Git\evosuiteTests\Projects\jsf_2_samples\lib\jsf-impl.jar
  - C:\Users\joeyj\Documents\Git\evosuiteTests\Projects\jsf_2_samples\lib\hibernate3.jar
  - C:\Users\joeyj\Documents\Git\evosuiteTests\Projects\jsf_2_samples\lib\gwt-servlet.jar
  - C:\Users\joeyj\Documents\Git\evosuiteTests\Projects\jsf_2_samples\lib\commons-io-1.2.jar
  - C:\Users\joeyj\Documents\Git\evosuiteTests\Projects\jsf_2_samples\lib\commons-logging.jar
  - C:\Users\joeyj\Documents\Git\evosuiteTests\Projects\jsf_2_samples\lib\groovy-all-1.5.6.jar
  - C:\Users\joeyj\Documents\Git\evosuiteTests\Projects\jsf_2_samples\lib\commons-beanutils.jar
  - C:\Users\joeyj\Documents\Git\evosuiteTests\Projects\jsf_2_samples\lib\commons-codec-1.3.jar
  - C:\Users\joeyj\Documents\Git\evosuiteTests\Projects\jsf_2_samples\lib\commons-fileupload-1.1.1.jar
  - C:\Users\joeyj\Documents\Git\evosuiteTests\Projects\jsf_2_samples\lib\commons-httpclient-3.1-alpha1.jar
  - C:\Users\joeyj\Documents\Git\evosuiteTests\Projects\jsf_2_samples\lib\gmaps4jsf-core-1.1.2-SNAPSHOT.jar
  - C:\Users\joeyj\Documents\Git\evosuiteTests\Projects\jsf_2_samples\lib\mysql-connector-java-3.1.13-bin.jar
* Finished analyzing classpath
* Generating tests for class basicajax.ListenerBean
* Test criteria:
  - Line Coverage
  - Branch Coverage
  - Exception
  - Mutation testing (weak)
  - Method-Output Coverage
  - Top-Level Method Coverage
  - No-Exception Top-Level Method Coverage
  - Context Branch Coverage
* Setting up search algorithm for whole suite generation
[MASTER] 11:21:26.390 [pool-2-thread-1] WARN  TestSuiteSerialization - Cannot load tests because file does not exist: C:\Users\joeyj\Documents\Git\evosuiteTests\Projects\jsf_2_samples\basic-ajax\.evosuite\evosuite-seeds\basicajax.ListenerBean.seed
* Loaded 0 tests from C:\Users\joeyj\Documents\Git\evosuiteTests\Projects\jsf_2_samples\basic-ajax\.evosuite\evosuite-seeds\basicajax.ListenerBean.seed
* Total number of test goals: 
  - Line 12
  - Branch 6
  - Exception 0
  - MutationFactory 14
  - Output 9
  - Method 6
  - MethodNoException 6
  - CBranchFitnessFactory 6
* Using seed 1575393678826
* Starting evolution
* Search finished after 50s and 610 generations, 166215 statements, best individual has fitness: 2.5
* Writing sequences to pool
* Minimizing test suite
* Going to analyze the coverage criteria
* Coverage analysis for criterion LINE
* Coverage of criterion LINE: 100%
* Total number of goals: 12
* Number of covered goals: 12
* Coverage analysis for criterion BRANCH
* Coverage of criterion BRANCH: 100%
* Total number of goals: 6
* Number of covered goals: 6
* Coverage analysis for criterion EXCEPTION
* Coverage of criterion EXCEPTION: 100%
* Total number of goals: 1
* Number of covered goals: 1
* Coverage analysis for criterion WEAKMUTATION
* Coverage of criterion WEAKMUTATION: 100%
* Total number of goals: 14
* Number of covered goals: 14
* Coverage analysis for criterion OUTPUT
* Coverage of criterion OUTPUT: 78%
* Total number of goals: 9
* Number of covered goals: 7
* Coverage analysis for criterion METHOD
* Coverage of criterion METHOD: 100%
* Total number of goals: 6
* Number of covered goals: 6
* Coverage analysis for criterion METHODNOEXCEPTION
* Coverage of criterion METHODNOEXCEPTION: 100%
* Total number of goals: 6
* Number of covered goals: 6
* Coverage analysis for criterion CBRANCH
* Coverage of criterion CBRANCH: 100%
* Total number of goals: 6
* Number of covered goals: 6
* Generated 8 tests with total length 25
* Resulting test suite's coverage: 97% (average coverage for all fitness functions)
* Generating assertions
* Resulting test suite's mutation score: 94%
* Compiling and checking tests
* Writing JUnit test case 'ListenerBean_ESTest' to C:\Users\joeyj\Documents\Git\evosuiteTests\Projects\jsf_2_samples\basic-ajax\.evosuite\tmp_2019_12_03_11_15_45\tests
* Done!

