* Starting client
* Connecting to master process on port 18851
* Analyzing classpath: 
  - C:/Users/joeyj/Documents/Git/evosuiteTests/Projects/jsf_2_samples/out/production/ajax-request
  - C:\Program Files\Java\jdk1.8.0_201\jre\lib\charsets.jar
  - C:\Program Files\Java\jdk1.8.0_201\jre\lib\deploy.jar
  - C:\Program Files\Java\jdk1.8.0_201\jre\lib\ext\access-bridge-64.jar
  - C:\Program Files\Java\jdk1.8.0_201\jre\lib\ext\cldrdata.jar
  - C:\Program Files\Java\jdk1.8.0_201\jre\lib\ext\dnsns.jar
  - C:\Program Files\Java\jdk1.8.0_201\jre\lib\ext\jaccess.jar
  - C:\Program Files\Java\jdk1.8.0_201\jre\lib\ext\jfxrt.jar
  - C:\Program Files\Java\jdk1.8.0_201\jre\lib\ext\localedata.jar
  - C:\Program Files\Java\jdk1.8.0_201\jre\lib\ext\nashorn.jar
  - C:\Program Files\Java\jdk1.8.0_201\jre\lib\ext\sunec.jar
  - C:\Program Files\Java\jdk1.8.0_201\jre\lib\ext\sunjce_provider.jar
  - C:\Program Files\Java\jdk1.8.0_201\jre\lib\ext\sunmscapi.jar
  - C:\Program Files\Java\jdk1.8.0_201\jre\lib\ext\sunpkcs11.jar
  - C:\Program Files\Java\jdk1.8.0_201\jre\lib\ext\zipfs.jar
  - C:\Program Files\Java\jdk1.8.0_201\jre\lib\javaws.jar
  - C:\Program Files\Java\jdk1.8.0_201\jre\lib\jce.jar
  - C:\Program Files\Java\jdk1.8.0_201\jre\lib\jfr.jar
  - C:\Program Files\Java\jdk1.8.0_201\jre\lib\jfxswt.jar
  - C:\Program Files\Java\jdk1.8.0_201\jre\lib\jsse.jar
  - C:\Program Files\Java\jdk1.8.0_201\jre\lib\management-agent.jar
  - C:\Program Files\Java\jdk1.8.0_201\jre\lib\plugin.jar
  - C:\Program Files\Java\jdk1.8.0_201\jre\lib\resources.jar
  - C:\Program Files\Java\jdk1.8.0_201\jre\lib\rt.jar
  - C:\Users\joeyj\Documents\Git\evosuiteTests\Projects\jsf_2_samples\out\production\ajax-request
  - C:\Users\joeyj\Documents\Git\evosuiteTests\Projects\jsf_2_samples\lib\jsf-api.jar
  - C:\Users\joeyj\Documents\Git\evosuiteTests\Projects\jsf_2_samples\lib\javaee_6.jar
  - C:\Users\joeyj\Documents\Git\evosuiteTests\Projects\jsf_2_samples\lib\jsf-impl.jar
  - C:\Users\joeyj\Documents\Git\evosuiteTests\Projects\jsf_2_samples\lib\hibernate3.jar
  - C:\Users\joeyj\Documents\Git\evosuiteTests\Projects\jsf_2_samples\lib\gwt-servlet.jar
  - C:\Users\joeyj\Documents\Git\evosuiteTests\Projects\jsf_2_samples\lib\commons-io-1.2.jar
  - C:\Users\joeyj\Documents\Git\evosuiteTests\Projects\jsf_2_samples\lib\commons-logging.jar
  - C:\Users\joeyj\Documents\Git\evosuiteTests\Projects\jsf_2_samples\lib\groovy-all-1.5.6.jar
  - C:\Users\joeyj\Documents\Git\evosuiteTests\Projects\jsf_2_samples\lib\commons-beanutils.jar
  - C:\Users\joeyj\Documents\Git\evosuiteTests\Projects\jsf_2_samples\lib\commons-codec-1.3.jar
  - C:\Users\joeyj\Documents\Git\evosuiteTests\Projects\jsf_2_samples\lib\commons-fileupload-1.1.1.jar
  - C:\Users\joeyj\Documents\Git\evosuiteTests\Projects\jsf_2_samples\lib\commons-httpclient-3.1-alpha1.jar
  - C:\Users\joeyj\Documents\Git\evosuiteTests\Projects\jsf_2_samples\lib\gmaps4jsf-core-1.1.2-SNAPSHOT.jar
  - C:\Users\joeyj\Documents\Git\evosuiteTests\Projects\jsf_2_samples\lib\mysql-connector-java-3.1.13-bin.jar
* Finished analyzing classpath
* Generating tests for class ajaxrequest.Bean
* Test criteria:
  - Line Coverage
  - Branch Coverage
  - Exception
  - Mutation testing (weak)
  - Method-Output Coverage
  - Top-Level Method Coverage
  - No-Exception Top-Level Method Coverage
  - Context Branch Coverage
* Setting up search algorithm for whole suite generation
[MASTER] 11:11:06.055 [pool-2-thread-1] WARN  TestSuiteSerialization - Cannot load tests because file does not exist: C:\Users\joeyj\Documents\Git\evosuiteTests\Projects\jsf_2_samples\ajax-request\.evosuite\evosuite-seeds\ajaxrequest.Bean.seed
* Loaded 0 tests from C:\Users\joeyj\Documents\Git\evosuiteTests\Projects\jsf_2_samples\ajax-request\.evosuite\evosuite-seeds\ajaxrequest.Bean.seed
* Total number of test goals: 
  - Line 47
  - Branch 12
  - Exception 0
  - MutationFactory 35
  - Output 3
  - Method 5
  - MethodNoException 5
  - CBranchFitnessFactory 12
* Using seed 1575393057535
* Starting evolution
* Search finished after 69s and 821 generations, 101190 statements, best individual has fitness: 46.2
* Writing sequences to pool
* Minimizing test suite
* Going to analyze the coverage criteria
* Coverage analysis for criterion LINE
* Coverage of criterion LINE: 60%
* Total number of goals: 47
* Number of covered goals: 28
* Coverage analysis for criterion BRANCH
* Coverage of criterion BRANCH: 50%
* Total number of goals: 12
* Number of covered goals: 6
* Coverage analysis for criterion EXCEPTION
* Coverage of criterion EXCEPTION: 100%
* Total number of goals: 3
* Number of covered goals: 3
* Coverage analysis for criterion WEAKMUTATION
* Coverage of criterion WEAKMUTATION: 63%
* Total number of goals: 35
* Number of covered goals: 22
* Coverage analysis for criterion OUTPUT
* Coverage of criterion OUTPUT: 100%
* Total number of goals: 3
* Number of covered goals: 3
* Coverage analysis for criterion METHOD
* Coverage of criterion METHOD: 100%
* Total number of goals: 5
* Number of covered goals: 5
* Coverage analysis for criterion METHODNOEXCEPTION
* Coverage of criterion METHODNOEXCEPTION: 60%
* Total number of goals: 5
* Number of covered goals: 3
* Coverage analysis for criterion CBRANCH
* Coverage of criterion CBRANCH: 50%
* Total number of goals: 12
* Number of covered goals: 6
* Generated 6 tests with total length 20
* Resulting test suite's coverage: 73% (average coverage for all fitness functions)
* Generating assertions
* Resulting test suite's mutation score: 0%
* Compiling and checking tests
* Writing JUnit test case 'Bean_ESTest' to C:\Users\joeyj\Documents\Git\evosuiteTests\Projects\jsf_2_samples\ajax-request\.evosuite\tmp_2019_12_03_11_07_33\tests
* Done!

