* Starting client
* Connecting to master process on port 12994
* Analyzing classpath: 
  - C:\Users\Parker\IdeaProjects\testingApp1\target\classes
  - C:\Users\Parker\.m2\repository\junit\junit\4.12\junit-4.12.jar
  - C:\Users\Parker\.m2\repository\org\hamcrest\hamcrest-core\1.3\hamcrest-core-1.3.jar
* Finished analyzing classpath
* Generating tests for class methods
* Test criteria:
  - Line Coverage
  - Branch Coverage
  - Exception
  - Mutation testing (weak)
  - Method-Output Coverage
  - Top-Level Method Coverage
  - No-Exception Top-Level Method Coverage
  - Context Branch Coverage
* Setting up search algorithm for whole suite generation
[MASTER] 15:23:20.769 [pool-2-thread-1] WARN  TestSuiteSerialization - Cannot load tests because file does not exist: C:\Users\Parker\IdeaProjects\testingApp1\.evosuite\evosuite-seeds\methods.seed
* Loaded 0 tests from C:\Users\Parker\IdeaProjects\testingApp1\.evosuite\evosuite-seeds\methods.seed
* Total number of test goals: 
  - Line 4
  - Branch 3
  - Exception 0
  - MutationFactory 19
  - Output 3
  - Method 2
  - MethodNoException 2
  - CBranchFitnessFactory 3
* Using seed 1574457799582
* Starting evolution
* Search finished after 1s and 0 generations, 5833 statements, best individual has fitness: 1.0
* Writing sequences to pool
* Minimizing test suite
* Going to analyze the coverage criteria
* Coverage analysis for criterion LINE
* Coverage of criterion LINE: 100%
* Total number of goals: 4
* Number of covered goals: 4
* Coverage analysis for criterion BRANCH
* Coverage of criterion BRANCH: 100%
* Total number of goals: 3
* Number of covered goals: 3
* Coverage analysis for criterion EXCEPTION
* Coverage of criterion EXCEPTION: 100% (no goals)
* Coverage analysis for criterion WEAKMUTATION
* Coverage of criterion WEAKMUTATION: 100%
* Total number of goals: 19
* Number of covered goals: 19
* Coverage analysis for criterion OUTPUT
* Coverage of criterion OUTPUT: 100%
* Total number of goals: 3
* Number of covered goals: 3
* Coverage analysis for criterion METHOD
* Coverage of criterion METHOD: 100%
* Total number of goals: 2
* Number of covered goals: 2
* Coverage analysis for criterion METHODNOEXCEPTION
* Coverage of criterion METHODNOEXCEPTION: 100%
* Total number of goals: 2
* Number of covered goals: 2
* Coverage analysis for criterion CBRANCH
* Coverage of criterion CBRANCH: 100%
* Total number of goals: 3
* Number of covered goals: 3
* Generated 4 tests with total length 8
* Resulting test suite's coverage: 100% (average coverage for all fitness functions)
* Generating assertions
* Resulting test suite's mutation score: 95%
* Compiling and checking tests
* Writing JUnit test case 'methods_ESTest' to C:\Users\Parker\IdeaProjects\testingApp1\.evosuite\tmp_2019_11_22_15_23_16\tests
* Done!

