* Starting client
* Connecting to master process on port 11324
* Analyzing classpath: 
  - C:\Users\Parker\IdeaProjects\testingApp1\target\test-classes
  - C:\Users\Parker\IdeaProjects\testingApp1\target\classes
  - C:\Users\Parker\.m2\repository\junit\junit\4.12\junit-4.12.jar
  - C:\Users\Parker\.m2\repository\org\hamcrest\hamcrest-core\1.3\hamcrest-core-1.3.jar
* Finished analyzing classpath
* Generating tests for class methods
* Test criteria:
  - Line Coverage
  - Branch Coverage
  - Exception
  - Mutation testing (weak)
  - Method-Output Coverage
  - Top-Level Method Coverage
  - No-Exception Top-Level Method Coverage
  - Context Branch Coverage
* Setting up search algorithm for whole suite generation
* Loaded 1 tests from C:\Users\Parker\IdeaProjects\testingApp1\.evosuite\evosuite-seeds\methods.seed
* Total number of test goals: 
  - Line 7
  - Branch 5
  - Exception 0
  - MutationFactory 28
  - Output 6
  - Method 3
  - MethodNoException 3
  - CBranchFitnessFactory 5
* Using seed 1574457971755
* Starting evolution
* Search finished after 31s and 1235 generations, 280857 statements, best individual has fitness: 2.5
* Writing sequences to pool
* Minimizing test suite
* Going to analyze the coverage criteria
* Coverage analysis for criterion LINE
* Coverage of criterion LINE: 100%
* Total number of goals: 7
* Number of covered goals: 7
* Coverage analysis for criterion BRANCH
* Coverage of criterion BRANCH: 100%
* Total number of goals: 5
* Number of covered goals: 5
* Coverage analysis for criterion EXCEPTION
* Coverage of criterion EXCEPTION: 100%
* Total number of goals: 1
* Number of covered goals: 1
* Coverage analysis for criterion WEAKMUTATION
* Coverage of criterion WEAKMUTATION: 100%
* Total number of goals: 28
* Number of covered goals: 28
* Coverage analysis for criterion OUTPUT
* Coverage of criterion OUTPUT: 67%
* Total number of goals: 6
* Number of covered goals: 4
* Coverage analysis for criterion METHOD
* Coverage of criterion METHOD: 100%
* Total number of goals: 3
* Number of covered goals: 3
* Coverage analysis for criterion METHODNOEXCEPTION
* Coverage of criterion METHODNOEXCEPTION: 100%
* Total number of goals: 3
* Number of covered goals: 3
* Coverage analysis for criterion CBRANCH
* Coverage of criterion CBRANCH: 100%
* Total number of goals: 5
* Number of covered goals: 5
* Generated 8 tests with total length 16
* Resulting test suite's coverage: 96% (average coverage for all fitness functions)
* Generating assertions
* Resulting test suite's mutation score: 79%
* Compiling and checking tests
* Writing JUnit test case 'methods_ESTest' to C:\Users\Parker\IdeaProjects\testingApp1\.evosuite\tmp_2019_11_22_15_26_08\tests
* Done!

