* Starting client
* Connecting to master process on port 11855
* Analyzing classpath: 
  - C:/Users/joeyj/Documents/Git/evosuiteTests/Projects/Randoop/out/production/Randoop
  - C:\Program Files\Java\jdk1.8.0_201\jre\lib\charsets.jar
  - C:\Program Files\Java\jdk1.8.0_201\jre\lib\deploy.jar
  - C:\Program Files\Java\jdk1.8.0_201\jre\lib\ext\access-bridge-64.jar
  - C:\Program Files\Java\jdk1.8.0_201\jre\lib\ext\cldrdata.jar
  - C:\Program Files\Java\jdk1.8.0_201\jre\lib\ext\dnsns.jar
  - C:\Program Files\Java\jdk1.8.0_201\jre\lib\ext\jaccess.jar
  - C:\Program Files\Java\jdk1.8.0_201\jre\lib\ext\jfxrt.jar
  - C:\Program Files\Java\jdk1.8.0_201\jre\lib\ext\localedata.jar
  - C:\Program Files\Java\jdk1.8.0_201\jre\lib\ext\nashorn.jar
  - C:\Program Files\Java\jdk1.8.0_201\jre\lib\ext\sunec.jar
  - C:\Program Files\Java\jdk1.8.0_201\jre\lib\ext\sunjce_provider.jar
  - C:\Program Files\Java\jdk1.8.0_201\jre\lib\ext\sunmscapi.jar
  - C:\Program Files\Java\jdk1.8.0_201\jre\lib\ext\sunpkcs11.jar
  - C:\Program Files\Java\jdk1.8.0_201\jre\lib\ext\zipfs.jar
  - C:\Program Files\Java\jdk1.8.0_201\jre\lib\javaws.jar
  - C:\Program Files\Java\jdk1.8.0_201\jre\lib\jce.jar
  - C:\Program Files\Java\jdk1.8.0_201\jre\lib\jfr.jar
  - C:\Program Files\Java\jdk1.8.0_201\jre\lib\jfxswt.jar
  - C:\Program Files\Java\jdk1.8.0_201\jre\lib\jsse.jar
  - C:\Program Files\Java\jdk1.8.0_201\jre\lib\management-agent.jar
  - C:\Program Files\Java\jdk1.8.0_201\jre\lib\plugin.jar
  - C:\Program Files\Java\jdk1.8.0_201\jre\lib\resources.jar
  - C:\Program Files\Java\jdk1.8.0_201\jre\lib\rt.jar
  - C:\Users\joeyj\Documents\Git\evosuiteTests\Projects\Randoop\out\production\Randoop
* Finished analyzing classpath
* Generating tests for class JavaClassExample
* Test criteria:
  - Line Coverage
  - Branch Coverage
  - Exception
  - Mutation testing (weak)
  - Method-Output Coverage
  - Top-Level Method Coverage
  - No-Exception Top-Level Method Coverage
  - Context Branch Coverage
* Setting up search algorithm for whole suite generation
[MASTER] 15:02:43.901 [pool-2-thread-1] WARN  TestSuiteSerialization - Cannot load tests because file does not exist: C:\Users\joeyj\Documents\Git\evosuiteTests\Projects\Randoop\.evosuite\evosuite-seeds\JavaClassExample.seed
* Loaded 0 tests from C:\Users\joeyj\Documents\Git\evosuiteTests\Projects\Randoop\.evosuite\evosuite-seeds\JavaClassExample.seed
* Total number of test goals: 
  - Line 8
  - Branch 4
  - Exception 0
  - MutationFactory 2
  - Output 3
  - Method 4
  - MethodNoException 4
  - CBranchFitnessFactory 4
* Using seed 1575666159730
* Starting evolution
* Search finished after 2s and 0 generations, 5685 statements, best individual has fitness: 1.0
* Writing sequences to pool
* Minimizing test suite
* Going to analyze the coverage criteria
* Coverage analysis for criterion LINE
* Coverage of criterion LINE: 100%
* Total number of goals: 8
* Number of covered goals: 8
* Coverage analysis for criterion BRANCH
* Coverage of criterion BRANCH: 100%
* Total number of goals: 4
* Number of covered goals: 4
* Coverage analysis for criterion EXCEPTION
* Coverage of criterion EXCEPTION: 100% (no goals)
* Coverage analysis for criterion WEAKMUTATION
* Coverage of criterion WEAKMUTATION: 100%
* Total number of goals: 2
* Number of covered goals: 2
* Coverage analysis for criterion OUTPUT
* Coverage of criterion OUTPUT: 100%
* Total number of goals: 3
* Number of covered goals: 3
* Coverage analysis for criterion METHOD
* Coverage of criterion METHOD: 100%
* Total number of goals: 4
* Number of covered goals: 4
* Coverage analysis for criterion METHODNOEXCEPTION
* Coverage of criterion METHODNOEXCEPTION: 100%
* Total number of goals: 4
* Number of covered goals: 4
* Coverage analysis for criterion CBRANCH
* Coverage of criterion CBRANCH: 100%
* Total number of goals: 4
* Number of covered goals: 4
* Generated 4 tests with total length 10
* Resulting test suite's coverage: 100% (average coverage for all fitness functions)
* Generating assertions
* Resulting test suite's mutation score: 0%
* Compiling and checking tests
* Writing JUnit test case 'JavaClassExample_ESTest' to C:\Users\joeyj\Documents\Git\evosuiteTests\Projects\Randoop\.evosuite\tmp_2019_12_06_15_02_16\tests
* Done!

