* Starting client
* Connecting to master process on port 12438
* Analyzing classpath: 
  - C:/Users/joeyj/Documents/Git/evosuiteTests/Projects/jsf_2_samples/out/production/basic-ezcomp
  - C:\Program Files\Java\jdk1.8.0_201\jre\lib\charsets.jar
  - C:\Program Files\Java\jdk1.8.0_201\jre\lib\deploy.jar
  - C:\Program Files\Java\jdk1.8.0_201\jre\lib\ext\access-bridge-64.jar
  - C:\Program Files\Java\jdk1.8.0_201\jre\lib\ext\cldrdata.jar
  - C:\Program Files\Java\jdk1.8.0_201\jre\lib\ext\dnsns.jar
  - C:\Program Files\Java\jdk1.8.0_201\jre\lib\ext\jaccess.jar
  - C:\Program Files\Java\jdk1.8.0_201\jre\lib\ext\jfxrt.jar
  - C:\Program Files\Java\jdk1.8.0_201\jre\lib\ext\localedata.jar
  - C:\Program Files\Java\jdk1.8.0_201\jre\lib\ext\nashorn.jar
  - C:\Program Files\Java\jdk1.8.0_201\jre\lib\ext\sunec.jar
  - C:\Program Files\Java\jdk1.8.0_201\jre\lib\ext\sunjce_provider.jar
  - C:\Program Files\Java\jdk1.8.0_201\jre\lib\ext\sunmscapi.jar
  - C:\Program Files\Java\jdk1.8.0_201\jre\lib\ext\sunpkcs11.jar
  - C:\Program Files\Java\jdk1.8.0_201\jre\lib\ext\zipfs.jar
  - C:\Program Files\Java\jdk1.8.0_201\jre\lib\javaws.jar
  - C:\Program Files\Java\jdk1.8.0_201\jre\lib\jce.jar
  - C:\Program Files\Java\jdk1.8.0_201\jre\lib\jfr.jar
  - C:\Program Files\Java\jdk1.8.0_201\jre\lib\jfxswt.jar
  - C:\Program Files\Java\jdk1.8.0_201\jre\lib\jsse.jar
  - C:\Program Files\Java\jdk1.8.0_201\jre\lib\management-agent.jar
  - C:\Program Files\Java\jdk1.8.0_201\jre\lib\plugin.jar
  - C:\Program Files\Java\jdk1.8.0_201\jre\lib\resources.jar
  - C:\Program Files\Java\jdk1.8.0_201\jre\lib\rt.jar
  - C:\Users\joeyj\Documents\Git\evosuiteTests\Projects\jsf_2_samples\out\production\basic-ezcomp
  - C:\Users\joeyj\Documents\Git\evosuiteTests\Projects\jsf_2_samples\lib\jsf-api.jar
  - C:\Users\joeyj\Documents\Git\evosuiteTests\Projects\jsf_2_samples\lib\javaee_6.jar
  - C:\Users\joeyj\Documents\Git\evosuiteTests\Projects\jsf_2_samples\lib\jsf-impl.jar
  - C:\Users\joeyj\Documents\Git\evosuiteTests\Projects\jsf_2_samples\lib\hibernate3.jar
  - C:\Users\joeyj\Documents\Git\evosuiteTests\Projects\jsf_2_samples\lib\gwt-servlet.jar
  - C:\Users\joeyj\Documents\Git\evosuiteTests\Projects\jsf_2_samples\lib\commons-io-1.2.jar
  - C:\Users\joeyj\Documents\Git\evosuiteTests\Projects\jsf_2_samples\lib\commons-logging.jar
  - C:\Users\joeyj\Documents\Git\evosuiteTests\Projects\jsf_2_samples\lib\groovy-all-1.5.6.jar
  - C:\Users\joeyj\Documents\Git\evosuiteTests\Projects\jsf_2_samples\lib\commons-beanutils.jar
  - C:\Users\joeyj\Documents\Git\evosuiteTests\Projects\jsf_2_samples\lib\commons-codec-1.3.jar
  - C:\Users\joeyj\Documents\Git\evosuiteTests\Projects\jsf_2_samples\lib\commons-fileupload-1.1.1.jar
  - C:\Users\joeyj\Documents\Git\evosuiteTests\Projects\jsf_2_samples\lib\commons-httpclient-3.1-alpha1.jar
  - C:\Users\joeyj\Documents\Git\evosuiteTests\Projects\jsf_2_samples\lib\gmaps4jsf-core-1.1.2-SNAPSHOT.jar
  - C:\Users\joeyj\Documents\Git\evosuiteTests\Projects\jsf_2_samples\lib\mysql-connector-java-3.1.13-bin.jar
* Finished analyzing classpath
* Generating tests for class ezcomp.NumberHolder
* Test criteria:
  - Line Coverage
  - Branch Coverage
  - Exception
  - Mutation testing (weak)
  - Method-Output Coverage
  - Top-Level Method Coverage
  - No-Exception Top-Level Method Coverage
  - Context Branch Coverage
* Setting up search algorithm for whole suite generation
[MASTER] 11:28:56.962 [pool-2-thread-1] WARN  TestSuiteSerialization - Cannot load tests because file does not exist: C:\Users\joeyj\Documents\Git\evosuiteTests\Projects\jsf_2_samples\basic-ezcomp\.evosuite\evosuite-seeds\ezcomp.NumberHolder.seed
* Loaded 0 tests from C:\Users\joeyj\Documents\Git\evosuiteTests\Projects\jsf_2_samples\basic-ezcomp\.evosuite\evosuite-seeds\ezcomp.NumberHolder.seed
* Total number of test goals: 
  - Line 5
  - Branch 3
  - Exception 0
  - MutationFactory 0
  - Output 19
  - Method 3
  - MethodNoException 3
  - CBranchFitnessFactory 3
* Using seed 1575394130260
* Starting evolution
* Search finished after 2s and 0 generations, 3277 statements, best individual has fitness: 1.0
* Writing sequences to pool
* Minimizing test suite
* Going to analyze the coverage criteria
* Coverage analysis for criterion LINE
* Coverage of criterion LINE: 100%
* Total number of goals: 5
* Number of covered goals: 5
* Coverage analysis for criterion BRANCH
* Coverage of criterion BRANCH: 100%
* Total number of goals: 3
* Number of covered goals: 3
* Coverage analysis for criterion EXCEPTION
* Coverage of criterion EXCEPTION: 100% (no goals)
* Coverage analysis for criterion WEAKMUTATION
* Coverage of criterion WEAKMUTATION: 100% (no goals)
* Coverage analysis for criterion OUTPUT
* Coverage of criterion OUTPUT: 100%
* Total number of goals: 19
* Number of covered goals: 19
* Coverage analysis for criterion METHOD
* Coverage of criterion METHOD: 100%
* Total number of goals: 3
* Number of covered goals: 3
* Coverage analysis for criterion METHODNOEXCEPTION
* Coverage of criterion METHODNOEXCEPTION: 100%
* Total number of goals: 3
* Number of covered goals: 3
* Coverage analysis for criterion CBRANCH
* Coverage of criterion CBRANCH: 100%
* Total number of goals: 3
* Number of covered goals: 3
* Generated 4 tests with total length 13
* Resulting test suite's coverage: 100% (average coverage for all fitness functions)
* Generating assertions
* Resulting test suite's mutation score: 100%
* Compiling and checking tests
* Writing JUnit test case 'NumberHolder_ESTest' to C:\Users\joeyj\Documents\Git\evosuiteTests\Projects\jsf_2_samples\basic-ezcomp\.evosuite\tmp_2019_12_03_11_24_22\tests
* Done!

